<?xml version="1.0" encoding="UTF-8"?>
<!-- Generated by org.testng.reporters.JUnitXMLReporter -->
<testsuite ignored="0" hostname="Tejas" failures="0" tests="2" name="OpenCart Test" time="37.762" errors="0" timestamp="2025-03-15T11:32:45 IST">
  <testcase classname="com.absoloop.testCases.TC_001_AccountRegistrationtTest" name="test_account_Registration" time="9.952"/>
  <testcase classname="com.absoloop.testCases.TC_002_LoginTest" name="test_Login" time="4.734"/>
</testsuite> <!-- OpenCart Test -->
