<?xml version="1.0" encoding="UTF-8"?>
<!-- Generated by org.testng.reporters.JUnitXMLReporter -->
<testsuite ignored="0" hostname="Tejas" failures="2" tests="6" name="Test" time="49.671" errors="0" timestamp="2025-03-18T17:16:22 IST">
  <testcase classname="com.absoloop.testCases.TC_003_LoginDDT" name="verify_loginDDT" time="12.548"/>
  <testcase classname="com.absoloop.testCases.TC_003_LoginDDT" name="verify_loginDDT" time="3.523">
    <failure type="java.lang.AssertionError" message="expected [true] but found [false]">
      <![CDATA[java.lang.AssertionError: expected [true] but found [false]
at com.absoloop.testCases.TC_003_LoginDDT.verify_loginDDT(TC_003_LoginDDT.java:55)
at java.base/java.util.ArrayList.forEach(ArrayList.java:1511)
... Removed 35 stack frames]]>
    </failure>
  </testcase> <!-- verify_loginDDT -->
  <testcase classname="com.absoloop.testCases.TC_003_LoginDDT" name="verify_loginDDT" time="3.603">
    <failure type="java.lang.AssertionError" message="expected [true] but found [false]">
      <![CDATA[java.lang.AssertionError: expected [true] but found [false]
at com.absoloop.testCases.TC_003_LoginDDT.verify_loginDDT(TC_003_LoginDDT.java:55)
at java.base/java.util.ArrayList.forEach(ArrayList.java:1511)
... Removed 35 stack frames]]>
    </failure>
  </testcase> <!-- verify_loginDDT -->
  <testcase classname="com.absoloop.testCases.TC_003_LoginDDT" name="verify_loginDDT" time="12.581"/>
  <testcase classname="com.absoloop.testCases.TC_003_LoginDDT" name="verify_loginDDT" time="2.941"/>
  <testcase classname="com.absoloop.testCases.TC_003_LoginDDT" name="verify_loginDDT" time="2.379"/>
</testsuite> <!-- Test -->
