<?xml version="1.0" encoding="UTF-8"?>
<testng-results ignored="0" total="1" passed="1" failed="0" skipped="0">
  <reporter-output>
  </reporter-output>
  <suite started-at="2025-03-15T12:17:09 IST" name="Failed suite [Suite]" finished-at="2025-03-15T12:17:23 IST" duration-ms="14525">
    <groups>
      <group name="Master">
        <method signature="TC_002_LoginTest.test_Login()[pri:0, instance:com.absoloop.testCases.TC_002_LoginTest@21d5c1a0]" name="test_Login" class="com.absoloop.testCases.TC_002_LoginTest"/>
      </group> <!-- Master -->
      <group name="Sanity">
        <method signature="TC_002_LoginTest.test_Login()[pri:0, instance:com.absoloop.testCases.TC_002_LoginTest@21d5c1a0]" name="test_Login" class="com.absoloop.testCases.TC_002_LoginTest"/>
      </group> <!-- Sanity -->
    </groups>
    <test started-at="2025-03-15T12:17:09 IST" name="OpenCart Test(failed)" finished-at="2025-03-15T12:17:23 IST" duration-ms="14525">
      <class name="com.absoloop.testCases.TC_002_LoginTest">
        <test-method is-config="true" signature="setup(java.lang.String)[pri:0, instance:com.absoloop.testCases.TC_002_LoginTest@21d5c1a0]" started-at="2025-03-15T12:17:09 IST" name="setup" finished-at="2025-03-15T12:17:18 IST" duration-ms="9395" status="PASS">
          <params>
            <param index="0">
              <value>
                <![CDATA[chrome]]>
              </value>
            </param>
          </params>
          <reporter-output>
          </reporter-output>
        </test-method> <!-- setup -->
        <test-method signature="test_Login()[pri:0, instance:com.absoloop.testCases.TC_002_LoginTest@21d5c1a0]" started-at="2025-03-15T12:17:18 IST" name="test_Login" finished-at="2025-03-15T12:17:22 IST" duration-ms="3544" status="PASS">
          <reporter-output>
          </reporter-output>
        </test-method> <!-- test_Login -->
        <test-method is-config="true" signature="teadDown()[pri:0, instance:com.absoloop.testCases.TC_002_LoginTest@21d5c1a0]" started-at="2025-03-15T12:17:22 IST" name="teadDown" finished-at="2025-03-15T12:17:23 IST" duration-ms="1084" status="PASS">
          <reporter-output>
          </reporter-output>
        </test-method> <!-- teadDown -->
      </class> <!-- com.absoloop.testCases.TC_002_LoginTest -->
    </test> <!-- OpenCart Test(failed) -->
  </suite> <!-- Failed suite [Suite] -->
</testng-results>
