<?xml version="1.0" encoding="UTF-8"?>
<!-- Generated by org.testng.reporters.JUnitXMLReporter -->
<testsuite ignored="0" hostname="Tejas" failures="2" tests="6" name="Test" time="81.661" errors="0" timestamp="2025-12-26T21:04:43 IST">
  <testcase classname="com.absoloop.testCases.TC_003_LoginDDT" name="verify_loginDDT" time="15.109"/>
  <testcase classname="com.absoloop.testCases.TC_003_LoginDDT" name="verify_loginDDT" time="7.708">
    <failure type="java.lang.AssertionError" message="expected [true] but found [false]">
      <![CDATA[java.lang.AssertionError: expected [true] but found [false]
at com.absoloop.testCases.TC_003_LoginDDT.verify_loginDDT(TC_003_LoginDDT.java:57)
at java.base/java.util.ArrayList.forEach(ArrayList.java:1541)
... Removed 31 stack frames]]>
    </failure>
  </testcase> <!-- verify_loginDDT -->
  <testcase classname="com.absoloop.testCases.TC_003_LoginDDT" name="verify_loginDDT" time="4.81">
    <failure type="java.lang.AssertionError" message="expected [true] but found [false]">
      <![CDATA[java.lang.AssertionError: expected [true] but found [false]
at com.absoloop.testCases.TC_003_LoginDDT.verify_loginDDT(TC_003_LoginDDT.java:57)
at java.base/java.util.ArrayList.forEach(ArrayList.java:1541)
... Removed 31 stack frames]]>
    </failure>
  </testcase> <!-- verify_loginDDT -->
  <testcase classname="com.absoloop.testCases.TC_003_LoginDDT" name="verify_loginDDT" time="13.215"/>
  <testcase classname="com.absoloop.testCases.TC_003_LoginDDT" name="verify_loginDDT" time="6.006"/>
  <testcase classname="com.absoloop.testCases.TC_003_LoginDDT" name="verify_loginDDT" time="3.395"/>
</testsuite> <!-- Test -->
