<?xml version="1.0" encoding="UTF-8"?>
<!-- Generated by org.testng.reporters.JUnitXMLReporter -->
<testsuite ignored="0" hostname="Tejas" failures="2" tests="6" name="Test" time="48.654" errors="0" timestamp="2025-03-04T17:09:44 IST">
  <testcase classname="com.absoloop.testCases.TC_003_LoginDDT" name="verify_loginDDT" time="12.832"/>
  <testcase classname="com.absoloop.testCases.TC_003_LoginDDT" name="verify_loginDDT" time="2.337">
    <failure type="java.lang.AssertionError" message="expected [true] but found [false]">
      <![CDATA[java.lang.AssertionError: expected [true] but found [false]
at com.absoloop.testCases.TC_003_LoginDDT.verify_loginDDT(TC_003_LoginDDT.java:63)
at java.base/java.util.ArrayList.forEach(ArrayList.java:1541)
... Removed 31 stack frames]]>
    </failure>
  </testcase> <!-- verify_loginDDT -->
  <testcase classname="com.absoloop.testCases.TC_003_LoginDDT" name="verify_loginDDT" time="2.537">
    <failure type="java.lang.AssertionError" message="expected [true] but found [false]">
      <![CDATA[java.lang.AssertionError: expected [true] but found [false]
at com.absoloop.testCases.TC_003_LoginDDT.verify_loginDDT(TC_003_LoginDDT.java:63)
at java.base/java.util.ArrayList.forEach(ArrayList.java:1541)
... Removed 31 stack frames]]>
    </failure>
  </testcase> <!-- verify_loginDDT -->
  <testcase classname="com.absoloop.testCases.TC_003_LoginDDT" name="verify_loginDDT" time="11.471"/>
  <testcase classname="com.absoloop.testCases.TC_003_LoginDDT" name="verify_loginDDT" time="3.048"/>
  <testcase classname="com.absoloop.testCases.TC_003_LoginDDT" name="verify_loginDDT" time="2.862"/>
</testsuite> <!-- Test -->
